<?xml version="1.0" encoding="UTF-8"?>
<!-- Generated by org.testng.reporters.JUnitReportReporter -->
<testsuite ignored="0" hostname="MSI" failures="0" tests="1" name="pruebang.SelTest" time="5.950" errors="0" timestamp="20 abr. 2024 16:45:38 GMT" skipped="0">
  <testcase classname="pruebang.SelTest" name="test01" time="5.950"/>
</testsuite> <!-- pruebang.SelTest -->
